multi_upc_reader_android/app/build/intermediates/manifest_merge_blame_file/debug/manifest-merger-blame-debug-report.txt
1<?xml version="1.0" encoding="utf-8"?>
2<manifest xmlns:android="http://schemas.android.com/apk/res/android"
3    package="com.example.multiupcreader"
4    android:versionCode="1"
5    android:versionName="1.0" >
6
7    <uses-sdk
8        android:minSdkVersion="26"
9        android:targetSdkVersion="34" />
10
11    <uses-permission android:name="android.permission.CAMERA" />
11-->src/main/AndroidManifest.xml:2:5-65
11-->src/main/AndroidManifest.xml:2:22-62
12
13    <permission
13-->[androidx.core:core:1.12.0] AndroidManifest.xml:22:5-24:47
14        android:name="com.example.multiupcreader.DYNAMIC_RECEIVER_NOT_EXPORTED_PERMISSION"
14-->[androidx.core:core:1.12.0] AndroidManifest.xml:23:9-81
15        android:protectionLevel="signature" />
15-->[androidx.core:core:1.12.0] AndroidManifest.xml:24:9-44
16
17    <uses-permission android:name="com.example.multiupcreader.DYNAMIC_RECEIVER_NOT_EXPORTED_PERMISSION" />
17-->[androidx.core:core:1.12.0] AndroidManifest.xml:26:5-97
17-->[androidx.core:core:1.12.0] AndroidManifest.xml:26:22-94
18
19    <application
19-->src/main/AndroidManifest.xml:4:5-17:19
20        android:allowBackup="true"
20-->src/main/AndroidManifest.xml:5:9-35
21        android:appComponentFactory="androidx.core.app.CoreComponentFactory"
21-->[androidx.core:core:1.12.0] AndroidManifest.xml:28:18-86
22        android:debuggable="true"
23        android:extractNativeLibs="false"
24        android:label="Multi UPC Reader"
24-->src/main/AndroidManifest.xml:6:9-41
25        android:supportsRtl="true"
25-->src/main/AndroidManifest.xml:7:9-35
26        android:theme="@style/Theme.MultiUpcReader" >
26-->src/main/AndroidManifest.xml:8:9-52
27        <activity
27-->src/main/AndroidManifest.xml:9:9-16:20
28            android:name="com.example.multiupcreader.MainActivity"
28-->src/main/AndroidManifest.xml:10:13-41
29            android:exported="true" >
29-->src/main/AndroidManifest.xml:11:13-36
30            <intent-filter>
30-->src/main/AndroidManifest.xml:12:13-15:29
31                <action android:name="android.intent.action.MAIN" />
31-->src/main/AndroidManifest.xml:13:17-69
31-->src/main/AndroidManifest.xml:13:25-66
32
33                <category android:name="android.intent.category.LAUNCHER" />
33-->src/main/AndroidManifest.xml:14:17-77
33-->src/main/AndroidManifest.xml:14:27-74
34            </intent-filter>
35        </activity>
36
37        <service
37-->[androidx.camera:camera-camera2:1.3.2] AndroidManifest.xml:24:9-33:19
38            android:name="androidx.camera.core.impl.MetadataHolderService"
38-->[androidx.camera:camera-camera2:1.3.2] AndroidManifest.xml:25:13-75
39            android:enabled="false"
39-->[androidx.camera:camera-camera2:1.3.2] AndroidManifest.xml:26:13-36
40            android:exported="false" >
40-->[androidx.camera:camera-camera2:1.3.2] AndroidManifest.xml:27:13-37
41            <meta-data
41-->[androidx.camera:camera-camera2:1.3.2] AndroidManifest.xml:30:13-32:89
42                android:name="androidx.camera.core.impl.MetadataHolderService.DEFAULT_CONFIG_PROVIDER"
42-->[androidx.camera:camera-camera2:1.3.2] AndroidManifest.xml:31:17-103
43                android:value="androidx.camera.camera2.Camera2Config$DefaultProvider" />
43-->[androidx.camera:camera-camera2:1.3.2] AndroidManifest.xml:32:17-86
44        </service>
45
46        <provider
46-->[androidx.emoji2:emoji2:1.2.0] AndroidManifest.xml:24:9-32:20
47            android:name="androidx.startup.InitializationProvider"
47-->[androidx.emoji2:emoji2:1.2.0] AndroidManifest.xml:25:13-67
48            android:authorities="com.example.multiupcreader.androidx-startup"
48-->[androidx.emoji2:emoji2:1.2.0] AndroidManifest.xml:26:13-68
49            android:exported="false" >
49-->[androidx.emoji2:emoji2:1.2.0] AndroidManifest.xml:27:13-37
50            <meta-data
50-->[androidx.emoji2:emoji2:1.2.0] AndroidManifest.xml:29:13-31:52
51                android:name="androidx.emoji2.text.EmojiCompatInitializer"
51-->[androidx.emoji2:emoji2:1.2.0] AndroidManifest.xml:30:17-75
52                android:value="androidx.startup" />
52-->[androidx.emoji2:emoji2:1.2.0] AndroidManifest.xml:31:17-49
53            <meta-data
53-->[androidx.lifecycle:lifecycle-process:2.6.1] AndroidManifest.xml:29:13-31:52
54                android:name="androidx.lifecycle.ProcessLifecycleInitializer"
54-->[androidx.lifecycle:lifecycle-process:2.6.1] AndroidManifest.xml:30:17-78
55                android:value="androidx.startup" />
55-->[androidx.lifecycle:lifecycle-process:2.6.1] AndroidManifest.xml:31:17-49
56            <meta-data
56-->[androidx.profileinstaller:profileinstaller:1.3.0] AndroidManifest.xml:29:13-31:52
57                android:name="androidx.profileinstaller.ProfileInstallerInitializer"
57-->[androidx.profileinstaller:profileinstaller:1.3.0] AndroidManifest.xml:30:17-85
58                android:value="androidx.startup" />
58-->[androidx.profileinstaller:profileinstaller:1.3.0] AndroidManifest.xml:31:17-49
59        </provider>
60
61        <receiver
61-->[androidx.profileinstaller:profileinstaller:1.3.0] AndroidManifest.xml:34:9-52:20
62            android:name="androidx.profileinstaller.ProfileInstallReceiver"
62-->[androidx.profileinstaller:profileinstaller:1.3.0] AndroidManifest.xml:35:13-76
63            android:directBootAware="false"
63-->[androidx.profileinstaller:profileinstaller:1.3.0] AndroidManifest.xml:36:13-44
64            android:enabled="true"
64-->[androidx.profileinstaller:profileinstaller:1.3.0] AndroidManifest.xml:37:13-35
65            android:exported="true"
65-->[androidx.profileinstaller:profileinstaller:1.3.0] AndroidManifest.xml:38:13-36
66            android:permission="android.permission.DUMP" >
66-->[androidx.profileinstaller:profileinstaller:1.3.0] AndroidManifest.xml:39:13-57
67            <intent-filter>
67-->[androidx.profileinstaller:profileinstaller:1.3.0] AndroidManifest.xml:40:13-42:29
68                <action android:name="androidx.profileinstaller.action.INSTALL_PROFILE" />
68-->[androidx.profileinstaller:profileinstaller:1.3.0] AndroidManifest.xml:41:17-91
68-->[androidx.profileinstaller:profileinstaller:1.3.0] AndroidManifest.xml:41:25-88
69            </intent-filter>
70            <intent-filter>
70-->[androidx.profileinstaller:profileinstaller:1.3.0] AndroidManifest.xml:43:13-45:29
71                <action android:name="androidx.profileinstaller.action.SKIP_FILE" />
71-->[androidx.profileinstaller:profileinstaller:1.3.0] AndroidManifest.xml:44:17-85
71-->[androidx.profileinstaller:profileinstaller:1.3.0] AndroidManifest.xml:44:25-82
72            </intent-filter>
73            <intent-filter>
73-->[androidx.profileinstaller:profileinstaller:1.3.0] AndroidManifest.xml:46:13-48:29
74                <action android:name="androidx.profileinstaller.action.SAVE_PROFILE" />
74-->[androidx.profileinstaller:profileinstaller:1.3.0] AndroidManifest.xml:47:17-88
74-->[androidx.profileinstaller:profileinstaller:1.3.0] AndroidManifest.xml:47:25-85
75            </intent-filter>
76            <intent-filter>
76-->[androidx.profileinstaller:profileinstaller:1.3.0] AndroidManifest.xml:49:13-51:29
77                <action android:name="androidx.profileinstaller.action.BENCHMARK_OPERATION" />
77-->[androidx.profileinstaller:profileinstaller:1.3.0] AndroidManifest.xml:50:17-95
77-->[androidx.profileinstaller:profileinstaller:1.3.0] AndroidManifest.xml:50:25-92
78            </intent-filter>
79        </receiver>
80    </application>
81
82</manifest>